0 info it worked if it ends with ok
1 verbose cli [ '/usr/local/bin/node', '/usr/local/bin/npm', 'start' ]
2 info using npm@3.10.10
3 info using node@v6.10.3
4 verbose run-script [ 'prestart', 'start', 'poststart' ]
5 info lifecycle bmwui@0.0.0~prestart: bmwui@0.0.0
6 silly lifecycle bmwui@0.0.0~prestart: no script for prestart, continuing
7 info lifecycle bmwui@0.0.0~start: bmwui@0.0.0
8 verbose lifecycle bmwui@0.0.0~start: unsafe-perm in lifecycle true
9 verbose lifecycle bmwui@0.0.0~start: PATH: /usr/local/lib/node_modules/npm/bin/node-gyp-bin:/Users/wagram/BMW/hackatnight2017/node_modules/.bin:/Users/wagram/anaconda3/bin:/Library/Frameworks/Python.framework/Versions/3.6/bin:/Users/wagram/anaconda3/bin:/Applications/mongodb/bin:~/Downloads/apache-maven-3.5.0/bin:/usr/local/bin:/usr/bin:/bin:/usr/sbin:/sbin:/Library/TeX/texbin
10 verbose lifecycle bmwui@0.0.0~start: CWD: /Users/wagram/BMW/hackatnight2017
11 silly lifecycle bmwui@0.0.0~start: Args: [ '-c', 'node ./bin/www' ]
12 silly lifecycle bmwui@0.0.0~start: Returned: code: 1  signal: null
13 info lifecycle bmwui@0.0.0~start: Failed to exec start script
14 verbose stack Error: bmwui@0.0.0 start: `node ./bin/www`
14 verbose stack Exit status 1
14 verbose stack     at EventEmitter.<anonymous> (/usr/local/lib/node_modules/npm/lib/utils/lifecycle.js:255:16)
14 verbose stack     at emitTwo (events.js:106:13)
14 verbose stack     at EventEmitter.emit (events.js:191:7)
14 verbose stack     at ChildProcess.<anonymous> (/usr/local/lib/node_modules/npm/lib/utils/spawn.js:40:14)
14 verbose stack     at emitTwo (events.js:106:13)
14 verbose stack     at ChildProcess.emit (events.js:191:7)
14 verbose stack     at maybeClose (internal/child_process.js:886:16)
14 verbose stack     at Process.ChildProcess._handle.onexit (internal/child_process.js:226:5)
15 verbose pkgid bmwui@0.0.0
16 verbose cwd /Users/wagram/BMW/hackatnight2017
17 error Darwin 17.2.0
18 error argv "/usr/local/bin/node" "/usr/local/bin/npm" "start"
19 error node v6.10.3
20 error npm  v3.10.10
21 error code ELIFECYCLE
22 error bmwui@0.0.0 start: `node ./bin/www`
22 error Exit status 1
23 error Failed at the bmwui@0.0.0 start script 'node ./bin/www'.
23 error Make sure you have the latest version of node.js and npm installed.
23 error If you do, this is most likely a problem with the bmwui package,
23 error not with npm itself.
23 error Tell the author that this fails on your system:
23 error     node ./bin/www
23 error You can get information on how to open an issue for this project with:
23 error     npm bugs bmwui
23 error Or if that isn't available, you can get their info via:
23 error     npm owner ls bmwui
23 error There is likely additional logging output above.
24 verbose exit [ 1, true ]
